[1/122] Moby Dick; Or, The Whale — Herman Melville
  · already have Moby_Dick_Or_The_Whale_Herman_Melville.txt, skipping
[2/122] Pride and Prejudice — Jane Austen
  · already have Pride_and_Prejudice_Jane_Austen.txt, skipping
[3/122] A Room with a View — E. M. Forster
  · already have A_Room_with_a_View_E_M_Forster.txt, skipping
[4/122] Romeo and Juliet — William Shakespeare
  · already have Romeo_and_Juliet_William_Shakespeare.txt, skipping
[5/122] Crime and Punishment — Fyodor Dostoyevsky
  · already have Crime_and_Punishment_Fyodor_Dostoyevsky.txt, skipping
[6/122] Alice's Adventures in Wonderland — Lewis Carroll
  · already have Alices_Adventures_in_Wonderland_Lewis_Carroll.txt, skipping
[7/122] The Blue Castle: a novel — L. M. Montgomery
  · already have The_Blue_Castle_a_novel_L_M_Montgomery.txt, skipping
[8/122] The Complete Works of William Shakespeare — William Shakespeare
  · already have The_Complete_Works_of_William_Shakespeare_William_Shakespeare.txt, skipping
[9/122] The Adventures of Sherlock Holmes — Arthur Conan Doyle
  · already have The_Adventures_of_Sherlock_Holmes_Arthur_Conan_Doyle.txt, skipping
[10/122] The Count of Monte Cristo — Alexandre Dumas
  · already have The_Count_of_Monte_Cristo_Alexandre_Dumas.txt, skipping
[11/122] Middlemarch — George Eliot
  · already have Middlemarch_George_Eliot.txt, skipping
[12/122] The City of God, Volume I — Augustine
  · already have The_City_of_God_Volume_I_Augustine.txt, skipping
[13/122] The Secret of Chimneys — Agatha Christie
  · already have The_Secret_of_Chimneys_Agatha_Christie.txt, skipping
[14/122] My Life — Volume 1 — Richard Wagner
  · already have My_Life_Volume_1_Richard_Wagner.txt, skipping
[15/122] Jane Eyre: An Autobiography — Charlotte Brontë
  · already have Jane_Eyre_An_Autobiography_Charlotte_Brontë.txt, skipping
[16/122] The Mysteries of Udolpho — Ann Ward Radcliffe
  · already have The_Mysteries_of_Udolpho_Ann_Ward_Radcliffe.txt, skipping
[17/122] Frankenstein; or, the modern prometheus — Mary Wollstonecraft Shelley
  · already have Frankenstein_or_the_modern_prometheus_Mary_Wollstonecraft_Shelley.txt, skipping
[18/122] Carmen — Prosper Mérimée
  · already have Carmen_Prosper_Mérimée.txt, skipping
[19/122] Little Women; Or, Meg, Jo, Beth, and Amy — Louisa May Alcott
  · already have Little_Women_Or_Meg_Jo_Beth_and_Amy_Louisa_May_Alcott.txt, skipping
[20/122] Dracula — Bram Stoker
  · already have Dracula_Bram_Stoker.txt, skipping
[21/122] Bidwell's Travels, from Wall Street to London Prison: Fifteen Years in Solitude — Austin Bidwell
  · already have Bidwells_Travels_from_Wall_Street_to_London_Prison_Fifteen_Years_in_Solitude_Austin_Bidwell.txt, skipping
[22/122] The Green Mummy — Fergus Hume
  ✓ id=2868 -> The_Green_Mummy_Fergus_Hume.txt
[23/122] The Love Letters of Mary Wollstonecraft to Gilbert Imlay — Mary Wollstonecraft
  ✓ id=34413 -> The_Love_Letters_of_Mary_Wollstonecraft_to_Gilbert_Imlay_Mary_Wollstonecraft.txt
[24/122] The strange case of Dr. Jekyll and Mr. Hyde — Robert Louis Stevenson
  ✓ id=43 -> The_strange_case_of_Dr_Jekyll_and_Mr_Hyde_Robert_Louis_Stevenson.txt
[25/122] Meditations — Marcus Aurelius
  ✓ id=2680 -> Meditations_Marcus_Aurelius.txt
[26/122] Twenty years after — Alexandre Dumas
  ✓ id=1259 -> Twenty_years_after_Alexandre_Dumas.txt
[27/122] The King in Yellow — Robert W. Chambers
  ✓ id=8492 -> The_King_in_Yellow_Robert_W_Chambers.txt
[28/122] The String of Pearls; Or, The Barber of Fleet Street. A Domestic Romance. — Prest Rymer
  ✓ id=59828 -> The_String_of_Pearls_Or_The_Barber_of_Fleet_Street_A_Domestic_Romance_Prest_Rymer.txt
[29/122] Le Fantôme de l'Opéra — Gaston Leroux
  ✓ id=62215 -> Le_Fantôme_de_lOpéra_Gaston_Leroux.txt
[30/122] The Lady of the Lake — Walter Scott
  ✓ id=3011 -> The_Lady_of_the_Lake_Walter_Scott.txt
[31/122] The Man Who Was Thursday: A Nightmare — G. K. Chesterton
  ✓ id=1695 -> The_Man_Who_Was_Thursday_A_Nightmare_G_K_Chesterton.txt
[32/122] The Extraordinary Adventures of Arsène Lupin, Gentleman-Burglar — Maurice Leblanc
  ✓ id=6133 -> The_Extraordinary_Adventures_of_Arsène_Lupin_Gentleman-Burglar_Maurice_Leblanc.txt
[33/122] Sense and Sensibility — Jane Austen
  ✓ id=161 -> Sense_and_Sensibility_Jane_Austen.txt
[34/122] The Book of the Thousand Nights and a Night — Volume 01 — (anon)
  ✓ id=51252 -> The_Book_of_the_Thousand_Nights_and_a_Night_Volume_01.txt
[35/122] The Monk: A Romance — M. G. Lewis
  ✓ id=601 -> The_Monk_A_Romance_M_G_Lewis.txt
[36/122] Four Arthurian Romances — Chrétien de Troyes
  ✓ id=831 -> Four_Arthurian_Romances_Chrétien_de_Troyes.txt
[37/122] Thuvia, maid of Mars — Edgar Rice Burroughs
  ✓ id=72 -> Thuvia_maid_of_Mars_Edgar_Rice_Burroughs.txt
[38/122] A farewell to arms — Ernest Hemingway
  ✓ id=75201 -> A_farewell_to_arms_Ernest_Hemingway.txt
[39/122] The Confessions of St. Augustine — Augustine
  ✓ id=3296 -> The_Confessions_of_St_Augustine_Augustine.txt
[40/122] Eloisa — Jean-Jacques Rousseau
  ✓ id=76639 -> Eloisa_Jean-Jacques_Rousseau.txt
[41/122] The Yeoman Adventurer — George W. Gough
  ✓ id=7326 -> The_Yeoman_Adventurer_George_W_Gough.txt
[42/122] Manon Lescaut — Prévost
  ✓ id=468 -> Manon_Lescaut_Prévost.txt
[43/122] A Honeymoon in Space — George Chetwynd Griffith
  ✓ id=19476 -> A_Honeymoon_in_Space_George_Chetwynd_Griffith.txt
[44/122] The Misplaced Battleship — Harry Harrison
  ✓ id=22541 -> The_Misplaced_Battleship_Harry_Harrison.txt
[45/122] Modern English biography, volume 2 — Frederic Boase
  ✓ id=71046 -> Modern_English_biography_volume_2_Frederic_Boase.txt
[46/122] Life on the Mississippi — Mark Twain
  ✓ id=245 -> Life_on_the_Mississippi_Mark_Twain.txt
[47/122] The Brothers Karamazov — Fyodor Dostoyevsky
  ✓ id=28054 -> The_Brothers_Karamazov_Fyodor_Dostoyevsky.txt
[48/122] The History of Sir Richard Calmady: A Romance — Lucas Malet
  ✓ id=23784 -> The_History_of_Sir_Richard_Calmady_A_Romance_Lucas_Malet.txt
[49/122] The Mystery of Edwin Drood — Charles Dickens
  ✓ id=564 -> The_Mystery_of_Edwin_Drood_Charles_Dickens.txt
[50/122] The Complete Project Gutenberg Works of Jane Austen — Jane Austen
  ✓ id=31100 -> The_Complete_Project_Gutenberg_Works_of_Jane_Austen_Jane_Austen.txt
[51/122] The 2006 CIA World Factbook — United States. Central Intelligence Agency
  ✓ id=27509 -> The_2006_CIA_World_Factbook_United_States_Central_Intelligence_Agency.txt
[52/122] The Adventures of Tom Sawyer, Complete — Mark Twain
  ✓ id=74 -> The_Adventures_of_Tom_Sawyer_Complete_Mark_Twain.txt
[53/122] The Enchanted April — Elizabeth Von Arnim
  ✓ id=16389 -> The_Enchanted_April_Elizabeth_Von_Arnim.txt
[54/122] I am a woman — Ann Bannon
  ✓ id=76178 -> I_am_a_woman_Ann_Bannon.txt
[55/122] Oliver Twist, Vol. 2 — Charles Dickens
  ✓ id=47530 -> Oliver_Twist_Vol_2_Charles_Dickens.txt
[56/122] A Study in Scarlet — Arthur Conan Doyle
  ✓ id=244 -> A_Study_in_Scarlet_Arthur_Conan_Doyle.txt
[57/122] Autobiography of Benjamin Franklin — Benjamin Franklin
  ✓ id=20203 -> Autobiography_of_Benjamin_Franklin_Benjamin_Franklin.txt
[58/122] Robert Orange — John Oliver Hobbes
  ✓ id=27997 -> Robert_Orange_John_Oliver_Hobbes.txt
[59/122] Dr. Mabuse, der Spieler — Norbert Jacques
  ✓ id=50285 -> Dr_Mabuse_der_Spieler_Norbert_Jacques.txt
[60/122] King Arthur and the Knights of the Round Table — Thomas Malory
  ✓ id=36462 -> King_Arthur_and_the_Knights_of_the_Round_Table_Thomas_Malory.txt
[61/122] That Girl Montana — Marah Ellis Ryan
  ✓ id=27475 -> That_Girl_Montana_Marah_Ellis_Ryan.txt
[62/122] The Sex Life of the Gods — M. E. Knerr
  ✓ id=40284 -> The_Sex_Life_of_the_Gods_M_E_Knerr.txt
[63/122] The Hound of the Baskervilles — Arthur Conan Doyle
  ✓ id=2852 -> The_Hound_of_the_Baskervilles_Arthur_Conan_Doyle.txt
[64/122] The Countess of Pembroke's Arcadia — Philip Sidney
  ✓ id=70854 -> The_Countess_of_Pembrokes_Arcadia_Philip_Sidney.txt
[65/122] Cranford — Elizabeth Cleghorn Gaskell
  ✓ id=394 -> Cranford_Elizabeth_Cleghorn_Gaskell.txt
[66/122] Under the Red Dragon: A Novel — James Grant
  ✓ id=53874 -> Under_the_Red_Dragon_A_Novel_James_Grant.txt
[67/122] The Blue Lagoon: A Romance — H. De Vere Stacpoole
  ✓ id=393 -> The_Blue_Lagoon_A_Romance_H_De_Vere_Stacpoole.txt
[68/122] Narrative of the Life of Frederick Douglass, an American Slave — Frederick Douglass
  ✓ id=23 -> Narrative_of_the_Life_of_Frederick_Douglass_an_American_Slave_Frederick_Douglass.txt
[69/122] The Adventures of Ferdinand Count Fathom — Complete — T. Smollett
  ✓ id=6761 -> The_Adventures_of_Ferdinand_Count_Fathom_Complete_T_Smollett.txt
[70/122] The Expedition of Humphry Clinker — T. Smollett
  ✓ id=2160 -> The_Expedition_of_Humphry_Clinker_T_Smollett.txt
[71/122] Catriona — Robert Louis Stevenson
  ✓ id=589 -> Catriona_Robert_Louis_Stevenson.txt
[72/122] Henrietta Temple: A Love Story — Benjamin Disraeli
  ✓ id=19771 -> Henrietta_Temple_A_Love_Story_Benjamin_Disraeli.txt
[73/122] Blow The Man Down: A Romance Of The Coast — Holman Day
  ✓ id=24793 -> Blow_The_Man_Down_A_Romance_Of_The_Coast_Holman_Day.txt
[74/122] Roméo et Juliette — William Shakespeare
  ✓ id=18143 -> Roméo_et_Juliette_William_Shakespeare.txt
[75/122] The Works of Edgar Allan Poe — Volume 2 — Edgar Allan Poe
  ✓ id=2148 -> The_Works_of_Edgar_Allan_Poe_Volume_2_Edgar_Allan_Poe.txt
[76/122] The Adventures of Roderick Random — T. Smollett
  ✓ id=4085 -> The_Adventures_of_Roderick_Random_T_Smollett.txt
[77/122] History of Tom Jones, a Foundling — Henry Fielding
  ✓ id=6593 -> History_of_Tom_Jones_a_Foundling_Henry_Fielding.txt
[78/122] The Great Gatsby — F. Scott Fitzgerald
  ✓ id=64317 -> The_Great_Gatsby_F_Scott_Fitzgerald.txt
[79/122] The murder of Roger Ackroyd — Agatha Christie
  ✓ id=69087 -> The_murder_of_Roger_Ackroyd_Agatha_Christie.txt
[80/122] Spoon River Anthology — Edgar Lee Masters
  ! id=26471 download failed
[81/122] Around the World in Eighty Days — Jules Verne
  ✓ id=103 -> Around_the_World_in_Eighty_Days_Jules_Verne.txt
[82/122] The Turn of the Screw — Henry James
  ✓ id=209 -> The_Turn_of_the_Screw_Henry_James.txt
[83/122] Emily Brontë — A. Mary F. Robinson
  ✓ id=25789 -> Emily_Brontë_A_Mary_F_Robinson.txt
[84/122] The Lives of the Twelve Caesars, Complete — Suetonius
  ✓ id=6400 -> The_Lives_of_the_Twelve_Caesars_Complete_Suetonius.txt
[85/122] The Sorrows of Young Werther — Johann Wolfgang von Goethe
  ✓ id=2527 -> The_Sorrows_of_Young_Werther_Johann_Wolfgang_von_Goethe.txt
[86/122] Erotica Romana — Johann Wolfgang von Goethe
  ✓ id=7889 -> Erotica_Romana_Johann_Wolfgang_von_Goethe.txt
[87/122] Ecce Homo — Friedrich Wilhelm Nietzsche
  ✓ id=52190 -> Ecce_Homo_Friedrich_Wilhelm_Nietzsche.txt
[88/122] Love and Freindship — Jane Austen
  ✓ id=1212 -> Love_and_Freindship_Jane_Austen.txt
[89/122] The Odyssey — Homer
  ✓ id=1727 -> The_Odyssey_Homer.txt
[90/122] Sonnets from the Portuguese — Elizabeth Barrett Browning
  ✓ id=2002 -> Sonnets_from_the_Portuguese_Elizabeth_Barrett_Browning.txt
[91/122] Aus dem Leben eines Taugenichts: Novelle — Joseph Eichendorff
  ✓ id=35312 -> Aus_dem_Leben_eines_Taugenichts_Novelle_Joseph_Eichendorff.txt
[92/122] Only a girl's love — Charles Garvice
  ✓ id=53416 -> Only_a_girls_love_Charles_Garvice.txt
[93/122] A Journey to the Centre of the Earth — Jules Verne
  ✓ id=18857 -> A_Journey_to_the_Centre_of_the_Earth_Jules_Verne.txt
[94/122] Treasure Island — Robert Louis Stevenson
  ✓ id=120 -> Treasure_Island_Robert_Louis_Stevenson.txt
[95/122] The Home Book of Verse — Volume 2 — Burton Egbert Stevenson
  ✓ id=2620 -> The_Home_Book_of_Verse_Volume_2_Burton_Egbert_Stevenson.txt
[96/122] The Red Lily — Complete — Anatole France
  ✓ id=3922 -> The_Red_Lily_Complete_Anatole_France.txt
[97/122] The Landloper: The Romance of a Man on Foot — Holman Day
  ✓ id=4712 -> The_Landloper_The_Romance_of_a_Man_on_Foot_Holman_Day.txt
[98/122] The Romance of Tristan and Iseult — Joseph Bédier
  ✓ id=14244 -> The_Romance_of_Tristan_and_Iseult_Joseph_Bédier.txt
[99/122] Victorian Short Stories: Stories of Courtship — (anon)
  ✓ id=15381 -> Victorian_Short_Stories_Stories_of_Courtship.txt
[100/122] Linnet: A Romance — Grant Allen
  ✓ id=48296 -> Linnet_A_Romance_Grant_Allen.txt
[101/122] Complete Short Works of George Meredith — George Meredith
  ✓ id=4499 -> Complete_Short_Works_of_George_Meredith_George_Meredith.txt
[102/122] India's Love Lyrics — Laurence Hope
  ✓ id=8197 -> Indias_Love_Lyrics_Laurence_Hope.txt
[103/122] The Green Mouse — Robert W. Chambers
  ✓ id=10441 -> The_Green_Mouse_Robert_W_Chambers.txt
[104/122] Lorna Doone: A Romance of Exmoor — R. D. Blackmore
  ✓ id=17460 -> Lorna_Doone_A_Romance_of_Exmoor_R_D_Blackmore.txt
[105/122] Undine — La Motte-Fouqué
  ✓ id=2825 -> Undine_La_Motte-Fouqué.txt
[106/122] Dainty's Cruel Rivals; Or, The Fatal Birthday — Mrs. Alex. McVeigh Miller
  ✓ id=31257 -> Daintys_Cruel_Rivals_Or_The_Fatal_Birthday_Mrs_Alex_McVeigh_Miller.txt
[107/122] Camille (La Dame aux Camilias) — Alexandre Dumas
  ✓ id=1608 -> Camille_La_Dame_aux_Camilias_Alexandre_Dumas.txt
[108/122] As You Like It — William Shakespeare
  ✓ id=1523 -> As_You_Like_It_William_Shakespeare.txt
[109/122] A Romance of Billy-Goat Hill — Alice Caldwell Hegan Rice
  ✓ id=6635 -> A_Romance_of_Billy-Goat_Hill_Alice_Caldwell_Hegan_Rice.txt
[110/122] Moods — Louisa May Alcott
  ✓ id=28203 -> Moods_Louisa_May_Alcott.txt
[111/122] That Which Hath Wings: A Novel of the Day — (anon)
  ✓ id=51428 -> That_Which_Hath_Wings_A_Novel_of_the_Day.txt
[112/122] The Hero of the People: A Historical Romance of Love, Liberty and Loyalty — Alexandre Dumas
  ✓ id=42681 -> The_Hero_of_the_People_A_Historical_Romance_of_Love_Liberty_and_Loyalty_Alexandre_Dumas.txt
[113/122] The Boy with Wings — Berta Ruck
  ✓ id=36223 -> The_Boy_with_Wings_Berta_Ruck.txt
[114/122] Doctor Cupid: A Novel — Rhoda Broughton
  ✓ id=35548 -> Doctor_Cupid_A_Novel_Rhoda_Broughton.txt
[115/122] A pair of blue eyes — Thomas Hardy
  ✓ id=224 -> A_pair_of_blue_eyes_Thomas_Hardy.txt
[116/122] The Diary of Samuel Pepys — Complete — Samuel Pepys
  ✓ id=4200 -> The_Diary_of_Samuel_Pepys_Complete_Samuel_Pepys.txt
[117/122] Cynthia's Chauffeur — Louis Tracy
  ✓ id=31472 -> Cynthias_Chauffeur_Louis_Tracy.txt
[118/122] On the Cross: A Romance of the Passion Play at Oberammergau — Wilhelmine von Hillern
  ✓ id=36725 -> On_the_Cross_A_Romance_of_the_Passion_Play_at_Oberammergau_Wilhelmine_von_Hillern.txt
[119/122] The Pirate — Walter Scott
  ✓ id=42389 -> The_Pirate_Walter_Scott.txt
[120/122] Forest Days: A Romance of Old Times — G. P. R. James
  ✓ id=49987 -> Forest_Days_A_Romance_of_Old_Times_G_P_R_James.txt
[121/122] Autobiography of a Yogi — Paramahansa Yogananda
  ✓ id=7452 -> Autobiography_of_a_Yogi_Paramahansa_Yogananda.txt
[122/122] What Will People Say? A Novel — Rupert Hughes
  ✓ id=38311 -> What_Will_People_Say_A_Novel_Rupert_Hughes.txt

Done: 121/122 downloaded.
Failures:
  - Spoon River Anthology / Edgar Lee Masters :: id=26471 download failed
